<?xml version="1.0" encoding="UTF-8"?>
<!-- Generated by org.testng.reporters.JUnitXMLReporter -->
<testsuite ignored="1" hostname="DESKTOP-P7QLHB2" failures="0" tests="5" name="Default test" time="11.415" errors="0" timestamp="2025-09-17T01:01:47 IST">
  <testcase classname="com.adactin.libraries.MethodImplementations2" name="launchBrowser" time="8.159"/>
  <testcase classname="com.adactin.libraries.MethodImplementations2" name="loginWithValidCred" time="2.032"/>
  <testcase classname="com.adactin.libraries.MethodImplementations2" name="logOut" time="0.679"/>
  <testcase classname="com.adactin.libraries.MethodImplementations2" name="tearDown" time="0.236"/>
  <testcase classname="com.adactin.libraries.MethodImplementations2" name="quitBrowser" time="0.166"/>
  <testcase classname="com.adactin.libraries.MethodImplementations2" name="loginWithInvalidValidCred" time="0.0">
    <ignored/>
  </testcase> <!-- loginWithInvalidValidCred -->
</testsuite> <!-- Default test -->
