<?xml version="1.0" encoding="UTF-8"?>
<!-- Generated by org.testng.reporters.JUnitXMLReporter -->
<testsuite ignored="10" hostname="DESKTOP-P7QLHB2" failures="0" tests="0" time="0.039" errors="0" timestamp="2025-09-18T21:05:53 IST">
  <testcase classname="com.adactin.libraries.MethodImplementations" name="loginWithValidCred" time="0.0">
    <ignored/>
  </testcase> <!-- loginWithValidCred -->
  <testcase classname="com.adactin.libraries.MethodImplementations" name="loginWithInvalidValidCred" time="0.0">
    <ignored/>
  </testcase> <!-- loginWithInvalidValidCred -->
  <testcase classname="com.adactin.libraries.MethodImplementations" name="loginWithInvalidValidCred" time="0.0">
    <ignored/>
  </testcase> <!-- loginWithInvalidValidCred -->
  <testcase classname="com.adactin.libraries.MethodImplementations" name="loginWithValidCred" time="0.0">
    <ignored/>
  </testcase> <!-- loginWithValidCred -->
  <testcase classname="com.adactin.testScripting.TC001_Login" name="login" time="0.0">
    <ignored/>
  </testcase> <!-- login -->
  <testcase classname="com.adactin.libraries.MethodImplementations" name="tearDown" time="0.0">
    <ignored/>
  </testcase> <!-- tearDown -->
  <testcase classname="com.adactin.testScripting.TC001_Login2" name="login2" time="0.0">
    <ignored/>
  </testcase> <!-- login2 -->
  <testcase classname="com.adactin.libraries.MethodImplementations" name="tearDown" time="0.0">
    <ignored/>
  </testcase> <!-- tearDown -->
  <testcase classname="com.adactin.libraries.MethodImplementations" name="logOut" time="0.0">
    <ignored/>
  </testcase> <!-- logOut -->
  <testcase classname="com.adactin.libraries.MethodImplementations" name="logOut" time="0.0">
    <ignored/>
  </testcase> <!-- logOut -->
</testsuite>
