<?xml version="1.0" encoding="UTF-8"?>
<!-- Generated by org.testng.reporters.JUnitReportReporter -->
<testsuite hostname="DESKTOP-P7QLHB2" failures="0" tests="3" name="com.adactin.libraries.MethodImplementations2" time="7.508" errors="0" timestamp="2025-09-17T01:07:24 IST" skipped="1">
  <testcase classname="com.adactin.libraries.MethodImplementations2" name="launchBrowser" time="7.254">
    <system-out>
      <![CDATA[Passed]]>
    </system-out>
  </testcase> <!-- launchBrowser -->
  <testcase classname="com.adactin.libraries.MethodImplementations2" name="tearDown" time="0.254"/>
  <testcase classname="com.adactin.libraries.MethodImplementations2" name="loginWithInvalidValidCred">
    <skipped/>
  </testcase> <!-- loginWithInvalidValidCred -->
  <system-out>
    <![CDATA[Passed]]>
  </system-out>
</testsuite> <!-- com.adactin.libraries.MethodImplementations2 -->
