<?xml version="1.0" encoding="UTF-8"?>
<!-- Generated by org.testng.reporters.JUnitReportReporter -->
<testsuite hostname="DESKTOP-P7QLHB2" failures="0" tests="5" name="com.adactin.libraries.MethodImplementations" time="13.222" errors="0" timestamp="2025-09-17T00:36:32 IST" skipped="0">
  <testcase classname="com.adactin.libraries.MethodImplementations" name="logOut" time="0.667"/>
  <testcase classname="com.adactin.libraries.MethodImplementations" name="tearDown" time="0.253"/>
  <testcase classname="com.adactin.libraries.MethodImplementations" name="launchBrowser" time="9.554">
    <system-out>
      <![CDATA[Passed]]>
    </system-out>
  </testcase> <!-- launchBrowser -->
  <testcase classname="com.adactin.libraries.MethodImplementations" name="loginWithInvalidValidCred" time="0.719"/>
  <testcase classname="com.adactin.libraries.MethodImplementations" name="loginWithValidCred" time="2.029"/>
  <system-out>
    <![CDATA[Passed]]>
  </system-out>
</testsuite> <!-- com.adactin.libraries.MethodImplementations -->
